<?xml version="1.0" encoding="UTF-8"?>
<!-- Generated by org.testng.reporters.JUnitReportReporter -->
<testsuite skipped="0" hostname="LAPTOP-F72VL5U5" name="test.testCases.SearchPageTestCases" tests="1" failures="0" timestamp="2020-05-03T00:52:15 EDT" time="13.288" errors="0">
  <testcase name="test1" time="13.288" classname="test.testCases.SearchPageTestCases"/>
  <system-out/>
</testsuite> <!-- test.testCases.SearchPageTestCases -->
