<?xml version="1.0" encoding="UTF-8"?>
<!-- Generated by org.testng.reporters.JUnitReportReporter -->
<testsuite skipped="0" hostname="LAPTOP-F72VL5U5" name="test.testCases.DataProviderTestNG" tests="2" failures="0" timestamp="2020-05-04T20:31:07 EDT" time="0.017" errors="0">
  <testcase name="test1" time="0.015" classname="test.testCases.DataProviderTestNG"/>
  <system-out/>
  <testcase name="test1" time="0.002" classname="test.testCases.DataProviderTestNG"/>
  <system-out/>
</testsuite> <!-- test.testCases.DataProviderTestNG -->
