<?xml version="1.0" encoding="UTF-8"?>
<!-- Generated by org.testng.reporters.JUnitReportReporter -->
<testsuite skipped="1" hostname="LAPTOP-F72VL5U5" name="test.testCases.SearchPageTestCasesOne" tests="3" failures="0" timestamp="2020-05-01T14:19:50 EDT" time="17.747" errors="0">
  <testcase name="test2" time="8.697" classname="test.testCases.SearchPageTestCasesOne"/>
  <system-out/>
  <testcase name="test1" time="9.050" classname="test.testCases.SearchPageTestCasesOne"/>
  <system-out/>
  <testcase name="test3" classname="test.testCases.SearchPageTestCasesOne">
    <skipped/>
  </testcase> <!-- test3 -->
  <system-out/>
</testsuite> <!-- test.testCases.SearchPageTestCasesOne -->
