<?xml version="1.0" encoding="UTF-8"?>
<!-- Generated by org.testng.reporters.JUnitReportReporter -->
<testsuite skipped="0" hostname="LAPTOP-F72VL5U5" name="testh.test" tests="1" failures="0" timestamp="31 Mar 2020 00:40:43 GMT" time="21.160" errors="0">
  <testcase name="testOne" time="21.160" classname="testh.test"/>
</testsuite> <!-- testh.test -->
